<?xml version="1.0" encoding="UTF-8"?>
<testsuite name="com.c9pay.webpage.C9PayWebpageApplicationTests" tests="1" skipped="0" failures="0" errors="0" timestamp="2023-08-22T06:02:39" hostname="DESKTOP-54CANLU" time="0.881">
  <properties/>
  <testcase name="contextLoads()" classname="com.c9pay.webpage.C9PayWebpageApplicationTests" time="0.881"/>
  <system-out><![CDATA[15:02:36.832 [Test worker] INFO org.springframework.test.context.support.AnnotationConfigContextLoaderUtils -- Could not detect default configuration classes for test class [com.c9pay.webpage.C9PayWebpageApplicationTests]: C9PayWebpageApplicationTests does not declare any static, non-private, non-final, nested classes annotated with @Configuration.
15:02:36.992 [Test worker] INFO org.springframework.boot.test.context.SpringBootTestContextBootstrapper -- Found @SpringBootConfiguration com.c9pay.webpage.C9PayWebpageApplication for test class com.c9pay.webpage.C9PayWebpageApplicationTests

  .   ____          _            __ _ _
 /\\ / ___'_ __ _ _(_)_ __  __ _ \ \ \ \
( ( )\___ | '_ | '_| | '_ \/ _` | \ \ \ \
 \\/  ___)| |_)| | | | | || (_| |  ) ) ) )
  '  |____| .__|_| |_|_| |_\__, | / / / /
 =========|_|==============|___/=/_/_/_/
 :: Spring Boot ::                (v3.1.2)

2023-08-22T15:02:37.676+09:00  INFO 18092 --- [    Test worker] c.c.w.C9PayWebpageApplicationTests       : Starting C9PayWebpageApplicationTests using Java 19.0.1 with PID 18092 (started by JaeDoo in C:\Users\JaeDoo\Documents\project\cloud9\c9Pay-webpage)
2023-08-22T15:02:37.680+09:00  INFO 18092 --- [    Test worker] c.c.w.C9PayWebpageApplicationTests       : No active profile set, falling back to 1 default profile: "default"
2023-08-22T15:02:39.176+09:00  INFO 18092 --- [    Test worker] o.s.b.a.w.s.WelcomePageHandlerMapping    : Adding welcome page: class path resource [static/index.html]
2023-08-22T15:02:39.325+09:00  WARN 18092 --- [    Test worker] ion$DefaultTemplateResolverConfiguration : Cannot find template location: classpath:/templates/ (please add some templates, check your Thymeleaf configuration, or set spring.thymeleaf.check-template-location=false)
2023-08-22T15:02:39.387+09:00  INFO 18092 --- [    Test worker] c.c.w.C9PayWebpageApplicationTests       : Started C9PayWebpageApplicationTests in 2.137 seconds (process running for 4.089)
]]></system-out>
  <system-err><![CDATA[]]></system-err>
</testsuite>
