<?xml version="1.0" encoding="UTF-8"?>
<testsuite name="com.c9pay.authservice.token.TokenProviderTest" tests="1" skipped="0" failures="0" errors="0" timestamp="2023-08-11T01:40:27" hostname="DESKTOP-54CANLU" time="0.104">
  <properties/>
  <testcase name="암복호화테스트()" classname="com.c9pay.authservice.token.TokenProviderTest" time="0.104"/>
  <system-out><![CDATA[]]></system-out>
  <system-err><![CDATA[]]></system-err>
</testsuite>
