<?xml version="1.0" encoding="UTF-8"?>
<testsuite name="com.c9pay.storeservice.jwt.JwtFilterTest" tests="1" skipped="0" failures="0" errors="0" timestamp="2023-08-11T04:03:18" hostname="DESKTOP-54CANLU" time="0.702">
  <properties/>
  <testcase name="가게토큰테스트()" classname="com.c9pay.storeservice.jwt.JwtFilterTest" time="0.702"/>
  <system-out><![CDATA[]]></system-out>
  <system-err><![CDATA[]]></system-err>
</testsuite>
